1660 [main] INFO  ru.practic22.Main – Starting Main using Java 19.0.2 with PID 2400 (C:\java9-16\practic20\build\classes\java\main started by Íîóò in C:\java9-16\practic20)
1675 [main] INFO  ru.practic22.Main – No active profile set, falling back to 1 default profile: "default"
3594 [main] INFO  o.s.d.r.c.RepositoryConfigurationDelegate – Bootstrapping Spring Data JPA repositories in DEFAULT mode.
3746 [main] INFO  o.s.d.r.c.RepositoryConfigurationDelegate – Finished Spring Data repository scanning in 123 ms. Found 2 JPA repository interfaces.
5459 [main] INFO  o.s.b.w.e.tomcat.TomcatWebServer – Tomcat initialized with port 8080 (http)
5484 [main] INFO  o.a.coyote.http11.Http11NioProtocol – Initializing ProtocolHandler ["http-nio-8080"]
5490 [main] INFO  o.a.catalina.core.StandardService – Starting service [Tomcat]
5490 [main] INFO  o.a.catalina.core.StandardEngine – Starting Servlet engine: [Apache Tomcat/10.1.19]
5651 [main] INFO  o.a.c.c.C.[Tomcat].[localhost].[/] – Initializing Spring embedded WebApplicationContext
5653 [main] INFO  o.s.b.w.s.c.ServletWebServerApplicationContext – Root WebApplicationContext: initialization completed in 3858 ms
6071 [main] INFO  o.h.jpa.internal.util.LogHelper – HHH000204: Processing PersistenceUnitInfo [name: default]
6229 [main] INFO  org.hibernate.Version – HHH000412: Hibernate ORM core version 6.4.4.Final
6315 [main] INFO  o.h.c.i.RegionFactoryInitiator – HHH000026: Second-level cache disabled
6921 [main] INFO  o.s.o.j.p.SpringPersistenceUnitInfo – No LoadTimeWeaver setup: ignoring JPA class transformer
6987 [main] INFO  com.zaxxer.hikari.HikariDataSource – HikariPool-1 - Starting...
7249 [main] INFO  com.zaxxer.hikari.pool.HikariPool – HikariPool-1 - Added connection org.postgresql.jdbc.PgConnection@b3fc6d8
7253 [main] INFO  com.zaxxer.hikari.HikariDataSource – HikariPool-1 - Start completed.
9406 [main] INFO  o.h.e.t.j.p.i.JtaPlatformInitiator – HHH000489: No JTA platform available (set 'hibernate.transaction.jta.platform' to enable JTA platform integration)
9604 [main] INFO  o.s.o.j.LocalContainerEntityManagerFactoryBean – Initialized JPA EntityManagerFactory for persistence unit 'default'
10329 [main] INFO  o.s.d.j.r.q.QueryEnhancerFactory – Hibernate is in classpath; If applicable, HQL parser will be used.
11226 [main] WARN  o.s.b.a.o.j.JpaBaseConfiguration$JpaWebConfiguration – spring.jpa.open-in-view is enabled by default. Therefore, database queries may be performed during view rendering. Explicitly configure spring.jpa.open-in-view to disable this warning
12013 [main] INFO  o.a.coyote.http11.Http11NioProtocol – Starting ProtocolHandler ["http-nio-8080"]
12050 [main] INFO  o.s.b.w.e.tomcat.TomcatWebServer – Tomcat started on port 8080 (http) with context path ''
12065 [main] INFO  ru.practic22.Main – Started Main in 11.194 seconds (process running for 12.46)
167032 [http-nio-8080-exec-1] INFO  o.a.c.c.C.[Tomcat].[localhost].[/] – Initializing Spring DispatcherServlet 'dispatcherServlet'
167038 [http-nio-8080-exec-1] INFO  o.s.web.servlet.DispatcherServlet – Initializing Servlet 'dispatcherServlet'
167041 [http-nio-8080-exec-1] INFO  o.s.web.servlet.DispatcherServlet – Completed initialization in 2 ms
167130 [http-nio-8080-exec-1] INFO  ru.practic22.UserService – finding all users
167396 [http-nio-8080-exec-1] INFO  r.p.MethodExecutionTimeAspect – MethodList ru.practic22.UserService.getUsers() was executed in 261 ms
195756 [http-nio-8080-exec-3] INFO  ru.practic22.UserService – saving user
195876 [http-nio-8080-exec-3] INFO  r.p.MethodExecutionTimeAspect – MethodUser ru.practic22.UserService.saveUser(User) was executed in 120 ms
200382 [http-nio-8080-exec-4] INFO  ru.practic22.UserService – finding all users
200418 [http-nio-8080-exec-4] INFO  r.p.MethodExecutionTimeAspect – MethodList ru.practic22.UserService.getUsers() was executed in 36 ms
1693 [main] INFO  ru.practic22.Main – Starting Main using Java 19.0.2 with PID 12180 (C:\java9-16\practic20\build\classes\java\main started by Íîóò in C:\java9-16\practic20)
1702 [main] INFO  ru.practic22.Main – No active profile set, falling back to 1 default profile: "default"
3625 [main] INFO  o.s.d.r.c.RepositoryConfigurationDelegate – Bootstrapping Spring Data JPA repositories in DEFAULT mode.
3751 [main] INFO  o.s.d.r.c.RepositoryConfigurationDelegate – Finished Spring Data repository scanning in 109 ms. Found 2 JPA repository interfaces.
5228 [main] INFO  o.s.b.w.e.tomcat.TomcatWebServer – Tomcat initialized with port 8080 (http)
5247 [main] INFO  o.a.coyote.http11.Http11NioProtocol – Initializing ProtocolHandler ["http-nio-8080"]
5251 [main] INFO  o.a.catalina.core.StandardService – Starting service [Tomcat]
5252 [main] INFO  o.a.catalina.core.StandardEngine – Starting Servlet engine: [Apache Tomcat/10.1.19]
5375 [main] INFO  o.a.c.c.C.[Tomcat].[localhost].[/] – Initializing Spring embedded WebApplicationContext
5377 [main] INFO  o.s.b.w.s.c.ServletWebServerApplicationContext – Root WebApplicationContext: initialization completed in 3542 ms
5810 [main] INFO  o.h.jpa.internal.util.LogHelper – HHH000204: Processing PersistenceUnitInfo [name: default]
5963 [main] INFO  org.hibernate.Version – HHH000412: Hibernate ORM core version 6.4.4.Final
6037 [main] INFO  o.h.c.i.RegionFactoryInitiator – HHH000026: Second-level cache disabled
6506 [main] INFO  o.s.o.j.p.SpringPersistenceUnitInfo – No LoadTimeWeaver setup: ignoring JPA class transformer
6565 [main] INFO  com.zaxxer.hikari.HikariDataSource – HikariPool-1 - Starting...
6806 [main] INFO  com.zaxxer.hikari.pool.HikariPool – HikariPool-1 - Added connection org.postgresql.jdbc.PgConnection@b3fc6d8
6811 [main] INFO  com.zaxxer.hikari.HikariDataSource – HikariPool-1 - Start completed.
8603 [main] INFO  o.h.e.t.j.p.i.JtaPlatformInitiator – HHH000489: No JTA platform available (set 'hibernate.transaction.jta.platform' to enable JTA platform integration)
8759 [main] INFO  o.s.o.j.LocalContainerEntityManagerFactoryBean – Initialized JPA EntityManagerFactory for persistence unit 'default'
9499 [main] INFO  o.s.d.j.r.q.QueryEnhancerFactory – Hibernate is in classpath; If applicable, HQL parser will be used.
10484 [main] WARN  o.s.b.a.o.j.JpaBaseConfiguration$JpaWebConfiguration – spring.jpa.open-in-view is enabled by default. Therefore, database queries may be performed during view rendering. Explicitly configure spring.jpa.open-in-view to disable this warning
11253 [main] INFO  o.a.coyote.http11.Http11NioProtocol – Starting ProtocolHandler ["http-nio-8080"]
11294 [main] INFO  o.s.b.w.e.tomcat.TomcatWebServer – Tomcat started on port 8080 (http) with context path ''
11312 [main] INFO  ru.practic22.Main – Started Main in 10.395 seconds (process running for 11.743)
19304 [http-nio-8080-exec-1] INFO  o.a.c.c.C.[Tomcat].[localhost].[/] – Initializing Spring DispatcherServlet 'dispatcherServlet'
19305 [http-nio-8080-exec-1] INFO  o.s.web.servlet.DispatcherServlet – Initializing Servlet 'dispatcherServlet'
19307 [http-nio-8080-exec-1] INFO  o.s.web.servlet.DispatcherServlet – Completed initialization in 2 ms
19584 [http-nio-8080-exec-1] INFO  ru.practic22.UserService – saving user
19719 [http-nio-8080-exec-1] INFO  r.p.MethodExecutionTimeAspect – MethodUser ru.practic22.UserService.saveUser(User) was executed in 128 ms
32433 [http-nio-8080-exec-3] INFO  ru.practic22.UserService – finding all users
32621 [http-nio-8080-exec-3] INFO  r.p.MethodExecutionTimeAspect – MethodList ru.practic22.UserService.getUsers() was executed in 188 ms
101020 [http-nio-8080-exec-7] INFO  ru.practic22.UserService – finding user by id
101046 [http-nio-8080-exec-7] INFO  r.p.MethodExecutionTimeAspect – MethodUser ru.practic22.UserService.findById(Long) was executed in 26 ms
101064 [http-nio-8080-exec-7] INFO  r.p.MethodExecutionTimeAspect – MethodString ru.practic22.PostService.savePost(Post,Long) was executed in 18 ms
108183 [http-nio-8080-exec-6] WARN  o.s.w.s.m.s.DefaultHandlerExceptionResolver – Resolved [org.springframework.web.HttpRequestMethodNotSupportedException: Request method 'GET' is not supported]
115982 [http-nio-8080-exec-8] INFO  r.p.MethodExecutionTimeAspect – MethodList ru.practic22.PostService.getPosts() was executed in 20 ms
